0 info it worked if it ends with ok
1 verbose cli [ 'C:\\Program Files\\nodejs\\node.exe',
1 verbose cli   'C:\\Program Files\\nodejs\\node_modules\\npm\\bin\\npm-cli.js',
1 verbose cli   'run',
1 verbose cli   'build',
1 verbose cli   '--force' ]
2 info using npm@3.10.10
3 info using node@v6.10.2
4 warn using --force I sure hope you know what you are doing.
5 verbose stack Error: Failed to parse json
5 verbose stack Unexpected token '*' at 2:43
5 verbose stack   "name": "react-test-library-component" /* Change this for your library name f
5 verbose stack                                           ^
5 verbose stack     at parseError (C:\Program Files\nodejs\node_modules\npm\node_modules\read-package-json\read-json.js:390:11)
5 verbose stack     at parseJson (C:\Program Files\nodejs\node_modules\npm\node_modules\read-package-json\read-json.js:79:23)
5 verbose stack     at C:\Program Files\nodejs\node_modules\npm\node_modules\read-package-json\read-json.js:48:5
5 verbose stack     at C:\Program Files\nodejs\node_modules\npm\node_modules\graceful-fs\graceful-fs.js:78:16
5 verbose stack     at tryToString (fs.js:456:3)
5 verbose stack     at FSReqWrap.readFileAfterClose [as oncomplete] (fs.js:443:12)
6 verbose cwd C:\dev\repository\tutorial\react-test-library-component
7 error Windows_NT 10.0.10586
8 error argv "C:\\Program Files\\nodejs\\node.exe" "C:\\Program Files\\nodejs\\node_modules\\npm\\bin\\npm-cli.js" "run" "build" "--force"
9 error node v6.10.2
10 error npm  v3.10.10
11 error file C:\dev\repository\tutorial\react-test-library-component\package.json
12 error code EJSONPARSE
13 error Failed to parse json
13 error Unexpected token '*' at 2:43
13 error   "name": "react-test-library-component" /* Change this for your library name f
13 error                                           ^
14 error File: C:\dev\repository\tutorial\react-test-library-component\package.json
15 error Failed to parse package.json data.
15 error package.json must be actual JSON, not just JavaScript.
15 error
15 error This is not a bug in npm.
15 error Tell the package author to fix their package.json file. JSON.parse
16 verbose exit [ 1, true ]
